{"/Users/admin/om/helloworld/src/app/api/message/route.ts": {"path":"/Users/admin/om/helloworld/src/app/api/message/route.ts","statementMap":{"0":{"start":{"line":8,"column":22},"end":{"line":8,"column":null}},"1":{"start":{"line":1,"column":31},"end":{"line":1,"column":null}},"2":{"start":{"line":2,"column":29},"end":{"line":2,"column":null}},"3":{"start":{"line":3,"column":23},"end":{"line":3,"column":null}},"4":{"start":{"line":4,"column":39},"end":{"line":4,"column":null}},"5":{"start":{"line":6,"column":15},"end":{"line":6,"column":null}},"6":{"start":{"line":9,"column":2},"end":{"line":32,"column":null}},"7":{"start":{"line":10,"column":4},"end":{"line":10,"column":null}},"8":{"start":{"line":12,"column":27},"end":{"line":12,"column":null}},"9":{"start":{"line":13,"column":20},"end":{"line":13,"column":null}},"10":{"start":{"line":15,"column":4},"end":{"line":15,"column":null}},"11":{"start":{"line":16,"column":4},"end":{"line":16,"column":null}},"12":{"start":{"line":18,"column":4},"end":{"line":18,"column":null}},"13":{"start":{"line":20,"column":4},"end":{"line":25,"column":null}},"14":{"start":{"line":21,"column":6},"end":{"line":23,"column":null}},"15":{"start":{"line":27,"column":25},"end":{"line":27,"column":null}},"16":{"start":{"line":28,"column":4},"end":{"line":30,"column":null}}},"fnMap":{"0":{"name":"GET","decl":{"start":{"line":8,"column":22},"end":{"line":8,"column":null}},"loc":{"start":{"line":8,"column":22},"end":{"line":33,"column":null}}}},"branchMap":{"0":{"loc":{"start":{"line":20,"column":4},"end":{"line":25,"column":null}},"type":"if","locations":[{"start":{"line":20,"column":4},"end":{"line":25,"column":null}}]}},"s":{"0":4,"1":1,"2":1,"3":1,"4":1,"5":1,"6":4,"7":4,"8":4,"9":4,"10":1,"11":1,"12":3,"13":3,"14":1,"15":2,"16":2},"f":{"0":4},"b":{"0":[1]}}
,"/Users/admin/om/helloworld/src/components/Greeting.tsx": {"path":"/Users/admin/om/helloworld/src/components/Greeting.tsx","statementMap":{"0":{"start":{"line":15,"column":0},"end":{"line":15,"column":15}},"1":{"start":{"line":1,"column":18},"end":{"line":1,"column":null}},"2":{"start":{"line":7,"column":42},"end":{"line":13,"column":null}},"3":{"start":{"line":15,"column":15},"end":{"line":15,"column":null}}},"fnMap":{"0":{"name":"(anonymous_2)","decl":{"start":{"line":7,"column":42},"end":{"line":7,"column":43}},"loc":{"start":{"line":7,"column":51},"end":{"line":13,"column":null}}}},"branchMap":{"0":{"loc":{"start":{"line":10,"column":18},"end":{"line":10,"column":40}},"type":"cond-expr","locations":[{"start":{"line":10,"column":25},"end":{"line":10,"column":32}},{"start":{"line":10,"column":32},"end":{"line":10,"column":40}}]}},"s":{"0":3,"1":1,"2":1,"3":1},"f":{"0":3},"b":{"0":[2,1]}}
,"/Users/admin/om/helloworld/src/components/atoms/Background/Background.tsx": {"path":"/Users/admin/om/helloworld/src/components/atoms/Background/Background.tsx","statementMap":{"0":{"start":{"line":9,"column":13},"end":{"line":9,"column":47}},"1":{"start":{"line":1,"column":18},"end":{"line":1,"column":null}},"2":{"start":{"line":9,"column":47},"end":{"line":25,"column":null}}},"fnMap":{"0":{"name":"(anonymous_2)","decl":{"start":{"line":9,"column":47},"end":{"line":9,"column":48}},"loc":{"start":{"line":9,"column":65},"end":{"line":25,"column":null}}}},"branchMap":{},"s":{"0":2,"1":1,"2":1},"f":{"0":2},"b":{}}
,"/Users/admin/om/helloworld/src/components/atoms/Box/Box.tsx": {"path":"/Users/admin/om/helloworld/src/components/atoms/Box/Box.tsx","statementMap":{"0":{"start":{"line":8,"column":13},"end":{"line":8,"column":33}},"1":{"start":{"line":8,"column":33},"end":{"line":14,"column":null}}},"fnMap":{"0":{"name":"(anonymous_1)","decl":{"start":{"line":8,"column":33},"end":{"line":8,"column":34}},"loc":{"start":{"line":8,"column":62},"end":{"line":14,"column":null}}}},"branchMap":{"0":{"loc":{"start":{"line":8,"column":46},"end":{"line":8,"column":60}},"type":"default-arg","locations":[{"start":{"line":8,"column":58},"end":{"line":8,"column":60}}]}},"s":{"0":19,"1":5},"f":{"0":19},"b":{"0":[2]}}
,"/Users/admin/om/helloworld/src/components/atoms/ErrorBoundary/ErrorBoundary.tsx": {"path":"/Users/admin/om/helloworld/src/components/atoms/ErrorBoundary/ErrorBoundary.tsx","statementMap":{"0":{"start":{"line":16,"column":13},"end":{"line":16,"column":35}},"1":{"start":{"line":3,"column":55},"end":{"line":3,"column":null}},"2":{"start":{"line":4,"column":20},"end":{"line":4,"column":null}},"3":{"start":{"line":5,"column":30},"end":{"line":5,"column":null}},"4":{"start":{"line":23,"column":4},"end":{"line":23,"column":null}},"5":{"start":{"line":27,"column":4},"end":{"line":34,"column":null}},"6":{"start":{"line":42,"column":4},"end":{"line":49,"column":null}},"7":{"start":{"line":51,"column":4},"end":{"line":51,"column":null}},"8":{"start":{"line":16,"column":7},"end":{"line":39,"column":null}},"9":{"start":{"line":38,"column":4},"end":{"line":38,"column":null}}},"fnMap":{"0":{"name":"(anonymous_4)","decl":{"start":{"line":22,"column":2},"end":{"line":22,"column":16}},"loc":{"start":{"line":22,"column":62},"end":{"line":24,"column":null}}},"1":{"name":"(anonymous_5)","decl":{"start":{"line":26,"column":9},"end":{"line":26,"column":27}},"loc":{"start":{"line":26,"column":63},"end":{"line":35,"column":null}}},"2":{"name":"(anonymous_6)","decl":{"start":{"line":41,"column":9},"end":{"line":41,"column":18}},"loc":{"start":{"line":41,"column":18},"end":{"line":52,"column":null}}},"3":{"name":"(anonymous_8)","decl":{"start":{"line":37,"column":24},"end":{"line":37,"column":null}},"loc":{"start":{"line":37,"column":24},"end":{"line":39,"column":null}}}},"branchMap":{"0":{"loc":{"start":{"line":42,"column":4},"end":{"line":49,"column":null}},"type":"if","locations":[{"start":{"line":42,"column":4},"end":{"line":49,"column":null}}]}},"s":{"0":2,"1":1,"2":1,"3":1,"4":2,"5":1,"6":5,"7":3,"8":4,"9":0},"f":{"0":2,"1":1,"2":5,"3":0},"b":{"0":[2]}}
,"/Users/admin/om/helloworld/src/components/atoms/ErrorBoundary/ErrorFallback.tsx": {"path":"/Users/admin/om/helloworld/src/components/atoms/ErrorBoundary/ErrorFallback.tsx","statementMap":{"0":{"start":{"line":12,"column":13},"end":{"line":12,"column":53}},"1":{"start":{"line":4,"column":20},"end":{"line":4,"column":null}},"2":{"start":{"line":5,"column":21},"end":{"line":5,"column":null}},"3":{"start":{"line":12,"column":53},"end":{"line":35,"column":null}}},"fnMap":{"0":{"name":"(anonymous_1)","decl":{"start":{"line":12,"column":53},"end":{"line":12,"column":54}},"loc":{"start":{"line":12,"column":72},"end":{"line":35,"column":null}}}},"branchMap":{"0":{"loc":{"start":{"line":20,"column":11},"end":{"line":20,"column":null}},"type":"binary-expr","locations":[{"start":{"line":20,"column":11},"end":{"line":20,"column":29}},{"start":{"line":20,"column":29},"end":{"line":20,"column":null}}]},"1":{"loc":{"start":{"line":22,"column":9},"end":{"line":22,"column":null}},"type":"binary-expr","locations":[{"start":{"line":22,"column":9},"end":{"line":22,"column":null}}]}},"s":{"0":7,"1":2,"2":2,"3":2},"f":{"0":7},"b":{"0":[7,1],"1":[7]}}
,"/Users/admin/om/helloworld/src/components/atoms/Text/Text.tsx": {"path":"/Users/admin/om/helloworld/src/components/atoms/Text/Text.tsx","statementMap":{"0":{"start":{"line":8,"column":13},"end":{"line":8,"column":35}},"1":{"start":{"line":8,"column":35},"end":{"line":20,"column":null}}},"fnMap":{"0":{"name":"(anonymous_1)","decl":{"start":{"line":8,"column":35},"end":{"line":8,"column":36}},"loc":{"start":{"line":8,"column":64},"end":{"line":20,"column":null}}}},"branchMap":{"0":{"loc":{"start":{"line":8,"column":48},"end":{"line":8,"column":62}},"type":"default-arg","locations":[{"start":{"line":8,"column":60},"end":{"line":8,"column":62}}]}},"s":{"0":19,"1":5},"f":{"0":19},"b":{"0":[5]}}
,"/Users/admin/om/helloworld/src/components/molecules/ContentBox/ContentBox.tsx": {"path":"/Users/admin/om/helloworld/src/components/molecules/ContentBox/ContentBox.tsx","statementMap":{"0":{"start":{"line":10,"column":13},"end":{"line":10,"column":47}},"1":{"start":{"line":2,"column":20},"end":{"line":2,"column":null}},"2":{"start":{"line":3,"column":21},"end":{"line":3,"column":null}},"3":{"start":{"line":10,"column":47},"end":{"line":16,"column":null}}},"fnMap":{"0":{"name":"(anonymous_1)","decl":{"start":{"line":10,"column":47},"end":{"line":10,"column":48}},"loc":{"start":{"line":10,"column":76},"end":{"line":16,"column":null}}}},"branchMap":{"0":{"loc":{"start":{"line":10,"column":60},"end":{"line":10,"column":74}},"type":"default-arg","locations":[{"start":{"line":10,"column":72},"end":{"line":10,"column":74}}]}},"s":{"0":3,"1":1,"2":1,"3":1},"f":{"0":3},"b":{"0":[1]}}
,"/Users/admin/om/helloworld/src/components/molecules/ErrorFallback/ErrorFallback.tsx": {"path":"/Users/admin/om/helloworld/src/components/molecules/ErrorFallback/ErrorFallback.tsx","statementMap":{"0":{"start":{"line":10,"column":13},"end":{"line":10,"column":53}},"1":{"start":{"line":2,"column":20},"end":{"line":2,"column":null}},"2":{"start":{"line":3,"column":21},"end":{"line":3,"column":null}},"3":{"start":{"line":10,"column":53},"end":{"line":33,"column":null}}},"fnMap":{"0":{"name":"(anonymous_1)","decl":{"start":{"line":10,"column":53},"end":{"line":10,"column":54}},"loc":{"start":{"line":10,"column":75},"end":{"line":33,"column":null}}}},"branchMap":{"0":{"loc":{"start":{"line":18,"column":11},"end":{"line":18,"column":null}},"type":"binary-expr","locations":[{"start":{"line":18,"column":11},"end":{"line":18,"column":29}},{"start":{"line":18,"column":29},"end":{"line":18,"column":null}}]},"1":{"loc":{"start":{"line":20,"column":9},"end":{"line":20,"column":null}},"type":"binary-expr","locations":[{"start":{"line":20,"column":9},"end":{"line":20,"column":null}}]}},"s":{"0":6,"1":1,"2":1,"3":1},"f":{"0":6},"b":{"0":[6,5],"1":[6]}}
,"/Users/admin/om/helloworld/src/lib/errors.ts": {"path":"/Users/admin/om/helloworld/src/lib/errors.ts","statementMap":{"0":{"start":{"line":1,"column":13},"end":{"line":1,"column":21}},"1":{"start":{"line":13,"column":13},"end":{"line":13,"column":26}},"2":{"start":{"line":27,"column":13},"end":{"line":27,"column":25}},"3":{"start":{"line":20,"column":13},"end":{"line":20,"column":28}},"4":{"start":{"line":6,"column":4},"end":{"line":6,"column":null}},"5":{"start":{"line":7,"column":4},"end":{"line":7,"column":null}},"6":{"start":{"line":8,"column":4},"end":{"line":8,"column":null}},"7":{"start":{"line":9,"column":4},"end":{"line":9,"column":null}},"8":{"start":{"line":15,"column":4},"end":{"line":15,"column":null}},"9":{"start":{"line":16,"column":4},"end":{"line":16,"column":null}},"10":{"start":{"line":22,"column":4},"end":{"line":22,"column":null}},"11":{"start":{"line":23,"column":4},"end":{"line":23,"column":null}},"12":{"start":{"line":29,"column":4},"end":{"line":29,"column":null}},"13":{"start":{"line":30,"column":4},"end":{"line":30,"column":null}}},"fnMap":{"0":{"name":"(anonymous_5)","decl":{"start":{"line":5,"column":2},"end":{"line":5,"column":14}},"loc":{"start":{"line":5,"column":88},"end":{"line":10,"column":null}}},"1":{"name":"(anonymous_6)","decl":{"start":{"line":14,"column":2},"end":{"line":14,"column":14}},"loc":{"start":{"line":14,"column":54},"end":{"line":17,"column":null}}},"2":{"name":"(anonymous_7)","decl":{"start":{"line":21,"column":2},"end":{"line":21,"column":14}},"loc":{"start":{"line":21,"column":53},"end":{"line":24,"column":null}}},"3":{"name":"(anonymous_8)","decl":{"start":{"line":28,"column":2},"end":{"line":28,"column":14}},"loc":{"start":{"line":28,"column":49},"end":{"line":31,"column":null}}}},"branchMap":{"0":{"loc":{"start":{"line":5,"column":31},"end":{"line":5,"column":55}},"type":"default-arg","locations":[{"start":{"line":5,"column":52},"end":{"line":5,"column":55}}]},"1":{"loc":{"start":{"line":5,"column":57},"end":{"line":5,"column":86}},"type":"default-arg","locations":[{"start":{"line":5,"column":82},"end":{"line":5,"column":86}}]},"2":{"loc":{"start":{"line":14,"column":14},"end":{"line":14,"column":52}},"type":"default-arg","locations":[{"start":{"line":14,"column":32},"end":{"line":14,"column":52}}]},"3":{"loc":{"start":{"line":21,"column":14},"end":{"line":21,"column":51}},"type":"default-arg","locations":[{"start":{"line":21,"column":32},"end":{"line":21,"column":51}}]},"4":{"loc":{"start":{"line":28,"column":14},"end":{"line":28,"column":47}},"type":"default-arg","locations":[{"start":{"line":28,"column":32},"end":{"line":28,"column":47}}]}},"s":{"0":10,"1":2,"2":4,"3":2,"4":11,"5":11,"6":11,"7":11,"8":2,"9":2,"10":2,"11":2,"12":4,"13":4},"f":{"0":11,"1":2,"2":2,"3":4},"b":{"0":[1],"1":[10],"2":[1],"3":[1],"4":[1]}}
,"/Users/admin/om/helloworld/src/lib/logger.ts": {"path":"/Users/admin/om/helloworld/src/lib/logger.ts","statementMap":{"0":{"start":{"line":3,"column":13},"end":{"line":3,"column":19}},"1":{"start":{"line":57,"column":13},"end":{"line":57,"column":16}},"2":{"start":{"line":1,"column":17},"end":{"line":1,"column":null}},"3":{"start":{"line":8,"column":4},"end":{"line":16,"column":null}},"4":{"start":{"line":12,"column":10},"end":{"line":12,"column":null}},"5":{"start":{"line":15,"column":23},"end":{"line":15,"column":62}},"6":{"start":{"line":20,"column":4},"end":{"line":22,"column":null}},"7":{"start":{"line":21,"column":6},"end":{"line":21,"column":null}},"8":{"start":{"line":23,"column":4},"end":{"line":23,"column":null}},"9":{"start":{"line":27,"column":4},"end":{"line":27,"column":null}},"10":{"start":{"line":31,"column":4},"end":{"line":44,"column":null}},"11":{"start":{"line":32,"column":6},"end":{"line":40,"column":null}},"12":{"start":{"line":43,"column":6},"end":{"line":43,"column":null}},"13":{"start":{"line":48,"column":4},"end":{"line":48,"column":null}},"14":{"start":{"line":52,"column":4},"end":{"line":52,"column":null}},"15":{"start":{"line":57,"column":19},"end":{"line":62,"column":null}},"16":{"start":{"line":58,"column":35},"end":{"line":58,"column":null}},"17":{"start":{"line":59,"column":36},"end":{"line":59,"column":null}},"18":{"start":{"line":60,"column":35},"end":{"line":60,"column":null}},"19":{"start":{"line":61,"column":36},"end":{"line":61,"column":null}}},"fnMap":{"0":{"name":"(anonymous_4)","decl":{"start":{"line":7,"column":2},"end":{"line":7,"column":24}},"loc":{"start":{"line":7,"column":24},"end":{"line":17,"column":null}}},"1":{"name":"(anonymous_5)","decl":{"start":{"line":11,"column":15},"end":{"line":11,"column":16}},"loc":{"start":{"line":11,"column":16},"end":{"line":13,"column":null}}},"2":{"name":"(anonymous_6)","decl":{"start":{"line":15,"column":17},"end":{"line":15,"column":23}},"loc":{"start":{"line":15,"column":23},"end":{"line":15,"column":62}}},"3":{"name":"(anonymous_7)","decl":{"start":{"line":19,"column":2},"end":{"line":19,"column":16}},"loc":{"start":{"line":19,"column":38},"end":{"line":24,"column":null}}},"4":{"name":"(anonymous_8)","decl":{"start":{"line":26,"column":9},"end":{"line":26,"column":14}},"loc":{"start":{"line":26,"column":68},"end":{"line":28,"column":null}}},"5":{"name":"(anonymous_9)","decl":{"start":{"line":30,"column":9},"end":{"line":30,"column":15}},"loc":{"start":{"line":30,"column":50},"end":{"line":45,"column":null}}},"6":{"name":"(anonymous_10)","decl":{"start":{"line":47,"column":9},"end":{"line":47,"column":14}},"loc":{"start":{"line":47,"column":68},"end":{"line":49,"column":null}}},"7":{"name":"(anonymous_11)","decl":{"start":{"line":51,"column":9},"end":{"line":51,"column":15}},"loc":{"start":{"line":51,"column":69},"end":{"line":53,"column":null}}},"8":{"name":"(anonymous_12)","decl":{"start":{"line":58,"column":8},"end":{"line":58,"column":9}},"loc":{"start":{"line":58,"column":35},"end":{"line":58,"column":null}}},"9":{"name":"(anonymous_13)","decl":{"start":{"line":59,"column":9},"end":{"line":59,"column":10}},"loc":{"start":{"line":59,"column":36},"end":{"line":59,"column":null}}},"10":{"name":"(anonymous_14)","decl":{"start":{"line":60,"column":8},"end":{"line":60,"column":9}},"loc":{"start":{"line":60,"column":35},"end":{"line":60,"column":null}}},"11":{"name":"(anonymous_15)","decl":{"start":{"line":61,"column":9},"end":{"line":61,"column":10}},"loc":{"start":{"line":61,"column":36},"end":{"line":61,"column":null}}}},"branchMap":{"0":{"loc":{"start":{"line":9,"column":13},"end":{"line":9,"column":null}},"type":"binary-expr","locations":[{"start":{"line":9,"column":13},"end":{"line":9,"column":34}},{"start":{"line":9,"column":38},"end":{"line":9,"column":null}}]},"1":{"loc":{"start":{"line":20,"column":4},"end":{"line":22,"column":null}},"type":"if","locations":[{"start":{"line":20,"column":4},"end":{"line":22,"column":null}}]},"2":{"loc":{"start":{"line":26,"column":27},"end":{"line":26,"column":60}},"type":"default-arg","locations":[{"start":{"line":26,"column":58},"end":{"line":26,"column":60}}]},"3":{"loc":{"start":{"line":31,"column":4},"end":{"line":44,"column":null}},"type":"if","locations":[{"start":{"line":31,"column":4},"end":{"line":44,"column":null}},{"start":{"line":42,"column":11},"end":{"line":44,"column":null}}]},"4":{"loc":{"start":{"line":47,"column":27},"end":{"line":47,"column":60}},"type":"default-arg","locations":[{"start":{"line":47,"column":58},"end":{"line":47,"column":60}}]},"5":{"loc":{"start":{"line":51,"column":28},"end":{"line":51,"column":61}},"type":"default-arg","locations":[{"start":{"line":51,"column":59},"end":{"line":51,"column":61}}]},"6":{"loc":{"start":{"line":58,"column":22},"end":{"line":58,"column":30}},"type":"default-arg","locations":[{"start":{"line":58,"column":28},"end":{"line":58,"column":30}}]},"7":{"loc":{"start":{"line":59,"column":23},"end":{"line":59,"column":31}},"type":"default-arg","locations":[{"start":{"line":59,"column":29},"end":{"line":59,"column":31}}]},"8":{"loc":{"start":{"line":60,"column":22},"end":{"line":60,"column":30}},"type":"default-arg","locations":[{"start":{"line":60,"column":28},"end":{"line":60,"column":30}}]},"9":{"loc":{"start":{"line":61,"column":23},"end":{"line":61,"column":31}},"type":"default-arg","locations":[{"start":{"line":61,"column":29},"end":{"line":61,"column":31}}]}},"s":{"0":20,"1":1,"2":2,"3":10,"4":6,"5":2,"6":12,"7":10,"8":12,"9":2,"10":3,"11":1,"12":2,"13":2,"14":2,"15":2,"16":0,"17":1,"18":0,"19":0},"f":{"0":10,"1":6,"2":2,"3":12,"4":2,"5":3,"6":2,"7":2,"8":0,"9":1,"10":0,"11":0},"b":{"0":[10,0],"1":[10],"2":[1],"3":[1,2],"4":[1],"5":[1],"6":[0],"7":[0],"8":[0],"9":[0]}}
,"/Users/admin/om/helloworld/src/services/MessageService.ts": {"path":"/Users/admin/om/helloworld/src/services/MessageService.ts","statementMap":{"0":{"start":{"line":13,"column":13},"end":{"line":13,"column":null}},"1":{"start":{"line":1,"column":53},"end":{"line":1,"column":null}},"2":{"start":{"line":2,"column":22},"end":{"line":2,"column":null}},"3":{"start":{"line":18,"column":23},"end":{"line":31,"column":null}},"4":{"start":{"line":20,"column":6},"end":{"line":20,"column":null}},"5":{"start":{"line":20,"column":41},"end":{"line":20,"column":null}},"6":{"start":{"line":23,"column":6},"end":{"line":27,"column":null}},"7":{"start":{"line":26,"column":8},"end":{"line":26,"column":null}},"8":{"start":{"line":30,"column":6},"end":{"line":30,"column":null}},"9":{"start":{"line":33,"column":4},"end":{"line":45,"column":null}},"10":{"start":{"line":40,"column":12},"end":{"line":40,"column":null}},"11":{"start":{"line":41,"column":12},"end":{"line":41,"column":null}},"12":{"start":{"line":49,"column":4},"end":{"line":51,"column":null}},"13":{"start":{"line":50,"column":6},"end":{"line":50,"column":null}},"14":{"start":{"line":52,"column":4},"end":{"line":52,"column":null}},"15":{"start":{"line":56,"column":4},"end":{"line":56,"column":null}},"16":{"start":{"line":60,"column":4},"end":{"line":63,"column":null}},"17":{"start":{"line":61,"column":6},"end":{"line":61,"column":null}},"18":{"start":{"line":62,"column":6},"end":{"line":62,"column":null}},"19":{"start":{"line":65,"column":4},"end":{"line":65,"column":null}},"20":{"start":{"line":66,"column":19},"end":{"line":66,"column":null}},"21":{"start":{"line":67,"column":4},"end":{"line":67,"column":null}},"22":{"start":{"line":68,"column":4},"end":{"line":70,"column":null}},"23":{"start":{"line":74,"column":4},"end":{"line":77,"column":null}},"24":{"start":{"line":75,"column":6},"end":{"line":75,"column":null}},"25":{"start":{"line":76,"column":6},"end":{"line":76,"column":null}},"26":{"start":{"line":78,"column":4},"end":{"line":78,"column":null}},"27":{"start":{"line":82,"column":4},"end":{"line":85,"column":null}},"28":{"start":{"line":83,"column":6},"end":{"line":83,"column":null}},"29":{"start":{"line":84,"column":6},"end":{"line":84,"column":null}},"30":{"start":{"line":86,"column":4},"end":{"line":86,"column":null}}},"fnMap":{"0":{"name":"(anonymous_2)","decl":{"start":{"line":17,"column":2},"end":{"line":17,"column":24}},"loc":{"start":{"line":17,"column":24},"end":{"line":46,"column":null}}},"1":{"name":"(anonymous_3)","decl":{"start":{"line":18,"column":23},"end":{"line":18,"column":null}},"loc":{"start":{"line":18,"column":23},"end":{"line":31,"column":null}}},"2":{"name":"(anonymous_4)","decl":{"start":{"line":38,"column":19},"end":{"line":38,"column":null}},"loc":{"start":{"line":38,"column":19},"end":{"line":42,"column":null}}},"3":{"name":"(anonymous_5)","decl":{"start":{"line":48,"column":2},"end":{"line":48,"column":16}},"loc":{"start":{"line":48,"column":46},"end":{"line":53,"column":null}}},"4":{"name":"(anonymous_6)","decl":{"start":{"line":55,"column":10},"end":{"line":55,"column":24}},"loc":{"start":{"line":55,"column":24},"end":{"line":57,"column":null}}},"5":{"name":"(anonymous_7)","decl":{"start":{"line":59,"column":2},"end":{"line":59,"column":15}},"loc":{"start":{"line":59,"column":61},"end":{"line":71,"column":null}}},"6":{"name":"(anonymous_8)","decl":{"start":{"line":73,"column":2},"end":{"line":73,"column":15}},"loc":{"start":{"line":73,"column":55},"end":{"line":79,"column":null}}},"7":{"name":"(anonymous_9)","decl":{"start":{"line":81,"column":2},"end":{"line":81,"column":15}},"loc":{"start":{"line":81,"column":49},"end":{"line":87,"column":null}}}},"branchMap":{"0":{"loc":{"start":{"line":20,"column":6},"end":{"line":20,"column":null}},"type":"if","locations":[{"start":{"line":20,"column":6},"end":{"line":20,"column":null}}]},"1":{"loc":{"start":{"line":23,"column":6},"end":{"line":27,"column":null}},"type":"if","locations":[{"start":{"line":23,"column":6},"end":{"line":27,"column":null}}]},"2":{"loc":{"start":{"line":26,"column":15},"end":{"line":26,"column":null}},"type":"binary-expr","locations":[{"start":{"line":26,"column":15},"end":{"line":26,"column":40}},{"start":{"line":26,"column":44},"end":{"line":26,"column":null}}]},"3":{"loc":{"start":{"line":30,"column":33},"end":{"line":30,"column":59}},"type":"binary-expr","locations":[{"start":{"line":30,"column":33},"end":{"line":30,"column":49}},{"start":{"line":30,"column":53},"end":{"line":30,"column":59}}]},"4":{"loc":{"start":{"line":49,"column":4},"end":{"line":51,"column":null}},"type":"if","locations":[{"start":{"line":49,"column":4},"end":{"line":51,"column":null}}]},"5":{"loc":{"start":{"line":56,"column":11},"end":{"line":56,"column":null}},"type":"binary-expr","locations":[{"start":{"line":56,"column":11},"end":{"line":56,"column":52}},{"start":{"line":56,"column":52},"end":{"line":56,"column":null}}]},"6":{"loc":{"start":{"line":60,"column":4},"end":{"line":63,"column":null}},"type":"if","locations":[{"start":{"line":60,"column":4},"end":{"line":63,"column":null}}]},"7":{"loc":{"start":{"line":74,"column":4},"end":{"line":77,"column":null}},"type":"if","locations":[{"start":{"line":74,"column":4},"end":{"line":77,"column":null}}]},"8":{"loc":{"start":{"line":82,"column":4},"end":{"line":85,"column":null}},"type":"if","locations":[{"start":{"line":82,"column":4},"end":{"line":85,"column":null}}]}},"s":{"0":35,"1":2,"2":2,"3":13,"4":13,"5":1,"6":12,"7":0,"8":12,"9":13,"10":0,"11":0,"12":21,"13":13,"14":21,"15":6,"16":2,"17":0,"18":0,"19":2,"20":2,"21":1,"22":1,"23":2,"24":0,"25":0,"26":2,"27":2,"28":0,"29":0,"30":2},"f":{"0":13,"1":13,"2":0,"3":21,"4":6,"5":2,"6":2,"7":2},"b":{"0":[1],"1":[0],"2":[0,0],"3":[12,12],"4":[13],"5":[6,0],"6":[0],"7":[0],"8":[0]}}
}
