TN:
SF:src/app/api/message/route.ts
FN:8,GET
FNF:1
FNH:1
FNDA:4,GET
DA:1,1
DA:2,1
DA:3,1
DA:4,1
DA:6,1
DA:8,4
DA:9,4
DA:10,4
DA:12,4
DA:13,4
DA:15,1
DA:16,1
DA:18,3
DA:20,3
DA:21,1
DA:27,2
DA:28,2
LF:17
LH:17
BRDA:20,0,0,1
BRF:1
BRH:1
end_of_record
TN:
SF:src/components/Greeting.tsx
FN:7,(anonymous_2)
FNF:1
FNH:1
FNDA:3,(anonymous_2)
DA:1,1
DA:7,1
DA:15,3
LF:3
LH:3
BRDA:10,0,0,2
BRDA:10,0,1,1
BRF:2
BRH:2
end_of_record
TN:
SF:src/components/atoms/Background/Background.tsx
FN:9,(anonymous_2)
FNF:1
FNH:1
FNDA:2,(anonymous_2)
DA:1,1
DA:9,2
LF:2
LH:2
BRF:0
BRH:0
end_of_record
TN:
SF:src/components/atoms/Box/Box.tsx
FN:8,(anonymous_1)
FNF:1
FNH:1
FNDA:19,(anonymous_1)
DA:8,19
LF:1
LH:1
BRDA:8,0,0,2
BRF:1
BRH:1
end_of_record
TN:
SF:src/components/atoms/ErrorBoundary/ErrorBoundary.tsx
FN:22,(anonymous_4)
FN:26,(anonymous_5)
FN:41,(anonymous_6)
FN:37,(anonymous_8)
FNF:4
FNH:3
FNDA:2,(anonymous_4)
FNDA:1,(anonymous_5)
FNDA:5,(anonymous_6)
FNDA:0,(anonymous_8)
DA:3,1
DA:4,1
DA:5,1
DA:16,4
DA:23,2
DA:27,1
DA:38,0
DA:42,5
DA:51,3
LF:9
LH:8
BRDA:42,0,0,2
BRF:1
BRH:1
end_of_record
TN:
SF:src/components/atoms/ErrorBoundary/ErrorFallback.tsx
FN:12,(anonymous_1)
FNF:1
FNH:1
FNDA:7,(anonymous_1)
DA:4,2
DA:5,2
DA:12,7
LF:3
LH:3
BRDA:20,0,0,7
BRDA:20,0,1,1
BRDA:22,1,0,7
BRF:3
BRH:3
end_of_record
TN:
SF:src/components/atoms/Text/Text.tsx
FN:8,(anonymous_1)
FNF:1
FNH:1
FNDA:19,(anonymous_1)
DA:8,19
LF:1
LH:1
BRDA:8,0,0,5
BRF:1
BRH:1
end_of_record
TN:
SF:src/components/molecules/ContentBox/ContentBox.tsx
FN:10,(anonymous_1)
FNF:1
FNH:1
FNDA:3,(anonymous_1)
DA:2,1
DA:3,1
DA:10,3
LF:3
LH:3
BRDA:10,0,0,1
BRF:1
BRH:1
end_of_record
TN:
SF:src/components/molecules/ErrorFallback/ErrorFallback.tsx
FN:10,(anonymous_1)
FNF:1
FNH:1
FNDA:6,(anonymous_1)
DA:2,1
DA:3,1
DA:10,6
LF:3
LH:3
BRDA:18,0,0,6
BRDA:18,0,1,5
BRDA:20,1,0,6
BRF:3
BRH:3
end_of_record
TN:
SF:src/lib/errors.ts
FN:5,(anonymous_5)
FN:14,(anonymous_6)
FN:21,(anonymous_7)
FN:28,(anonymous_8)
FNF:4
FNH:4
FNDA:11,(anonymous_5)
FNDA:2,(anonymous_6)
FNDA:2,(anonymous_7)
FNDA:4,(anonymous_8)
DA:1,10
DA:6,11
DA:7,11
DA:8,11
DA:9,11
DA:13,2
DA:15,2
DA:16,2
DA:20,2
DA:22,2
DA:23,2
DA:27,4
DA:29,4
DA:30,4
LF:14
LH:14
BRDA:5,0,0,1
BRDA:5,1,0,10
BRDA:14,2,0,1
BRDA:21,3,0,1
BRDA:28,4,0,1
BRF:5
BRH:5
end_of_record
TN:
SF:src/lib/logger.ts
FN:7,(anonymous_4)
FN:11,(anonymous_5)
FN:15,(anonymous_6)
FN:19,(anonymous_7)
FN:26,(anonymous_8)
FN:30,(anonymous_9)
FN:47,(anonymous_10)
FN:51,(anonymous_11)
FN:58,(anonymous_12)
FN:59,(anonymous_13)
FN:60,(anonymous_14)
FN:61,(anonymous_15)
FNF:12
FNH:9
FNDA:10,(anonymous_4)
FNDA:6,(anonymous_5)
FNDA:2,(anonymous_6)
FNDA:12,(anonymous_7)
FNDA:2,(anonymous_8)
FNDA:3,(anonymous_9)
FNDA:2,(anonymous_10)
FNDA:2,(anonymous_11)
FNDA:0,(anonymous_12)
FNDA:1,(anonymous_13)
FNDA:0,(anonymous_14)
FNDA:0,(anonymous_15)
DA:1,2
DA:3,20
DA:8,10
DA:12,6
DA:15,2
DA:20,12
DA:21,10
DA:23,12
DA:27,2
DA:31,3
DA:32,1
DA:43,2
DA:48,2
DA:52,2
DA:57,2
DA:58,0
DA:59,1
DA:60,0
DA:61,0
LF:19
LH:16
BRDA:9,0,0,10
BRDA:9,0,1,0
BRDA:20,1,0,10
BRDA:26,2,0,1
BRDA:31,3,0,1
BRDA:31,3,1,2
BRDA:47,4,0,1
BRDA:51,5,0,1
BRDA:58,6,0,0
BRDA:59,7,0,0
BRDA:60,8,0,0
BRDA:61,9,0,0
BRF:12
BRH:7
end_of_record
TN:
SF:src/services/ImageService.ts
FN:6,(anonymous_1)
FNF:1
FNH:1
FNDA:1,(anonymous_1)
DA:6,1
LF:1
LH:1
BRF:0
BRH:0
end_of_record
TN:
SF:src/services/MessageService.ts
FN:14,(anonymous_2)
FN:25,(anonymous_3)
FN:29,(anonymous_4)
FN:34,(anonymous_5)
FN:43,(anonymous_6)
FN:46,(anonymous_7)
FN:58,(anonymous_8)
FN:66,(anonymous_9)
FNF:8
FNH:7
FNDA:18,(anonymous_2)
FNDA:6,(anonymous_3)
FNDA:18,(anonymous_4)
FNDA:0,(anonymous_5)
FNDA:18,(anonymous_6)
FNDA:2,(anonymous_7)
FNDA:2,(anonymous_8)
FNDA:2,(anonymous_9)
DA:1,1
DA:2,1
DA:14,1
DA:15,18
DA:17,16
DA:18,2
DA:21,14
DA:25,1
DA:26,6
DA:29,18
DA:35,0
DA:36,0
DA:43,18
DA:44,18
DA:46,18
DA:47,2
DA:48,0
DA:49,0
DA:52,2
DA:53,2
DA:54,1
DA:55,1
DA:58,18
DA:59,2
DA:60,0
DA:61,0
DA:63,2
DA:66,18
DA:67,2
DA:68,0
DA:69,0
DA:71,2
DA:74,18
LF:33
LH:25
BRDA:15,0,0,2
BRDA:17,1,0,2
BRDA:18,2,0,2
BRDA:18,2,1,2
BRDA:21,3,0,14
BRDA:21,3,1,13
BRDA:26,4,0,6
BRDA:26,4,1,0
BRDA:47,5,0,0
BRDA:59,6,0,0
BRDA:67,7,0,0
BRF:11
BRH:7
end_of_record
