TN:
SF:src/app/api/message/route.ts
FN:8,GET
FNF:1
FNH:1
FNDA:4,GET
DA:1,1
DA:2,1
DA:3,1
DA:4,1
DA:6,1
DA:8,4
DA:9,4
DA:10,4
DA:12,4
DA:13,4
DA:15,1
DA:16,1
DA:18,3
DA:20,3
DA:21,1
DA:27,2
DA:28,2
LF:17
LH:17
BRDA:20,0,0,1
BRF:1
BRH:1
end_of_record
TN:
SF:src/components/Greeting.tsx
FN:7,(anonymous_2)
FNF:1
FNH:1
FNDA:3,(anonymous_2)
DA:1,1
DA:7,1
DA:15,3
LF:3
LH:3
BRDA:10,0,0,2
BRDA:10,0,1,1
BRF:2
BRH:2
end_of_record
TN:
SF:src/components/atoms/Background/Background.tsx
FN:9,(anonymous_2)
FNF:1
FNH:1
FNDA:2,(anonymous_2)
DA:1,1
DA:9,2
LF:2
LH:2
BRF:0
BRH:0
end_of_record
TN:
SF:src/components/atoms/Box/Box.tsx
FN:8,(anonymous_1)
FNF:1
FNH:1
FNDA:19,(anonymous_1)
DA:8,19
LF:1
LH:1
BRDA:8,0,0,2
BRF:1
BRH:1
end_of_record
TN:
SF:src/components/atoms/ErrorBoundary/ErrorBoundary.tsx
FN:22,(anonymous_4)
FN:26,(anonymous_5)
FN:41,(anonymous_6)
FN:37,(anonymous_8)
FNF:4
FNH:3
FNDA:2,(anonymous_4)
FNDA:1,(anonymous_5)
FNDA:5,(anonymous_6)
FNDA:0,(anonymous_8)
DA:3,1
DA:4,1
DA:5,1
DA:16,4
DA:23,2
DA:27,1
DA:38,0
DA:42,5
DA:51,3
LF:9
LH:8
BRDA:42,0,0,2
BRF:1
BRH:1
end_of_record
TN:
SF:src/components/atoms/ErrorBoundary/ErrorFallback.tsx
FN:12,(anonymous_1)
FNF:1
FNH:1
FNDA:7,(anonymous_1)
DA:4,2
DA:5,2
DA:12,7
LF:3
LH:3
BRDA:20,0,0,7
BRDA:20,0,1,1
BRDA:22,1,0,7
BRF:3
BRH:3
end_of_record
TN:
SF:src/components/atoms/Text/Text.tsx
FN:8,(anonymous_1)
FNF:1
FNH:1
FNDA:19,(anonymous_1)
DA:8,19
LF:1
LH:1
BRDA:8,0,0,5
BRF:1
BRH:1
end_of_record
TN:
SF:src/components/molecules/ContentBox/ContentBox.tsx
FN:10,(anonymous_1)
FNF:1
FNH:1
FNDA:3,(anonymous_1)
DA:2,1
DA:3,1
DA:10,3
LF:3
LH:3
BRDA:10,0,0,1
BRF:1
BRH:1
end_of_record
TN:
SF:src/components/molecules/ErrorFallback/ErrorFallback.tsx
FN:10,(anonymous_1)
FNF:1
FNH:1
FNDA:6,(anonymous_1)
DA:2,1
DA:3,1
DA:10,6
LF:3
LH:3
BRDA:18,0,0,6
BRDA:18,0,1,5
BRDA:20,1,0,6
BRF:3
BRH:3
end_of_record
TN:
SF:src/lib/errors.ts
FN:5,(anonymous_5)
FN:14,(anonymous_6)
FN:21,(anonymous_7)
FN:28,(anonymous_8)
FNF:4
FNH:4
FNDA:11,(anonymous_5)
FNDA:2,(anonymous_6)
FNDA:2,(anonymous_7)
FNDA:4,(anonymous_8)
DA:1,10
DA:6,11
DA:7,11
DA:8,11
DA:9,11
DA:13,2
DA:15,2
DA:16,2
DA:20,2
DA:22,2
DA:23,2
DA:27,4
DA:29,4
DA:30,4
LF:14
LH:14
BRDA:5,0,0,1
BRDA:5,1,0,10
BRDA:14,2,0,1
BRDA:21,3,0,1
BRDA:28,4,0,1
BRF:5
BRH:5
end_of_record
TN:
SF:src/lib/logger.ts
FN:7,(anonymous_4)
FN:11,(anonymous_5)
FN:15,(anonymous_6)
FN:19,(anonymous_7)
FN:26,(anonymous_8)
FN:30,(anonymous_9)
FN:47,(anonymous_10)
FN:51,(anonymous_11)
FN:58,(anonymous_12)
FN:59,(anonymous_13)
FN:60,(anonymous_14)
FN:61,(anonymous_15)
FNF:12
FNH:9
FNDA:10,(anonymous_4)
FNDA:6,(anonymous_5)
FNDA:2,(anonymous_6)
FNDA:12,(anonymous_7)
FNDA:2,(anonymous_8)
FNDA:3,(anonymous_9)
FNDA:2,(anonymous_10)
FNDA:2,(anonymous_11)
FNDA:0,(anonymous_12)
FNDA:1,(anonymous_13)
FNDA:0,(anonymous_14)
FNDA:0,(anonymous_15)
DA:1,2
DA:3,20
DA:8,10
DA:12,6
DA:15,2
DA:20,12
DA:21,10
DA:23,12
DA:27,2
DA:31,3
DA:32,1
DA:43,2
DA:48,2
DA:52,2
DA:57,2
DA:58,0
DA:59,1
DA:60,0
DA:61,0
LF:19
LH:16
BRDA:9,0,0,10
BRDA:9,0,1,0
BRDA:20,1,0,10
BRDA:26,2,0,1
BRDA:31,3,0,1
BRDA:31,3,1,2
BRDA:47,4,0,1
BRDA:51,5,0,1
BRDA:58,6,0,0
BRDA:59,7,0,0
BRDA:60,8,0,0
BRDA:61,9,0,0
BRF:12
BRH:7
end_of_record
TN:
SF:src/services/MessageService.ts
FN:17,(anonymous_2)
FN:18,(anonymous_3)
FN:38,(anonymous_4)
FN:48,(anonymous_5)
FN:55,(anonymous_6)
FN:59,(anonymous_7)
FN:73,(anonymous_8)
FN:81,(anonymous_9)
FNF:8
FNH:7
FNDA:13,(anonymous_2)
FNDA:13,(anonymous_3)
FNDA:0,(anonymous_4)
FNDA:21,(anonymous_5)
FNDA:6,(anonymous_6)
FNDA:2,(anonymous_7)
FNDA:2,(anonymous_8)
FNDA:2,(anonymous_9)
DA:1,2
DA:2,2
DA:13,35
DA:18,13
DA:20,13
DA:23,12
DA:26,0
DA:30,12
DA:33,13
DA:40,0
DA:41,0
DA:49,21
DA:50,13
DA:52,21
DA:56,6
DA:60,2
DA:61,0
DA:62,0
DA:65,2
DA:66,2
DA:67,1
DA:68,1
DA:74,2
DA:75,0
DA:76,0
DA:78,2
DA:82,2
DA:83,0
DA:84,0
DA:86,2
LF:30
LH:21
BRDA:20,0,0,1
BRDA:23,1,0,0
BRDA:26,2,0,0
BRDA:26,2,1,0
BRDA:30,3,0,12
BRDA:30,3,1,12
BRDA:49,4,0,13
BRDA:56,5,0,6
BRDA:56,5,1,0
BRDA:60,6,0,0
BRDA:74,7,0,0
BRDA:82,8,0,0
BRF:12
BRH:5
end_of_record
